Using pre-set license
Built from '2020.2/release' branch; Version is '2020.2.0f1 (3721df5a8b28) revision 3613151'; Using compiler version '192528614'; Build Type 'Release'
OS: 'Windows 10  (10.0.0) 64bit' Language: 'en' Physical Memory: 16225 MB
BatchMode: 1, IsHumanControllingUs: 0, StartBugReporterOnCrash: 0, Is64bit: 1, IsPro: 0

 COMMAND LINE ARGUMENTS:
C:\Program Files\Unity\Hub\Editor\2020.2.0f1\Editor\Unity.exe
-adb2
-batchMode
-noUpm
-name
AssetImportWorker0
-projectPath
C:/Users/joanl/Documents/ARTANIM/repo-marathon-man-github/UnitySDK
-logFile
Logs/AssetImportWorker0.log
-srvPort
57490
Successfully changed project path to: C:/Users/joanl/Documents/ARTANIM/repo-marathon-man-github/UnitySDK
C:/Users/joanl/Documents/ARTANIM/repo-marathon-man-github/UnitySDK
Using Asset Import Pipeline V2.
Refreshing native plugins compatible for Editor in 53.80 ms, found 1 plugins.
Preloading 0 native plugins for Editor in 0.00 ms.
Initialize engine version: 2020.2.0f1 (3721df5a8b28)
[Subsystems] Discovering subsystems at path C:/Program Files/Unity/Hub/Editor/2020.2.0f1/Editor/Data/Resources/UnitySubsystems
[Subsystems] Discovering subsystems at path C:/Users/joanl/Documents/ARTANIM/repo-marathon-man-github/UnitySDK/Assets
GfxDevice: creating device client; threaded=0
Direct3D:
    Version:  Direct3D 11.0 [level 11.1]
    Renderer: NVIDIA GeForce RTX 2060 (ID=0x1f11)
    Vendor:   
    VRAM:     5980 MB
    Driver:   27.21.14.6079
Initialize mono
Mono path[0] = 'C:/Program Files/Unity/Hub/Editor/2020.2.0f1/Editor/Data/Managed'
Mono path[1] = 'C:/Program Files/Unity/Hub/Editor/2020.2.0f1/Editor/Data/MonoBleedingEdge/lib/mono/unityjit'
Mono config path = 'C:/Program Files/Unity/Hub/Editor/2020.2.0f1/Editor/Data/MonoBleedingEdge/etc'
Using monoOptions --debugger-agent=transport=dt_socket,embedding=1,server=y,suspend=n,address=127.0.0.1:56328
Begin MonoManager ReloadAssembly
Registering precompiled unity dll's ...
Register platform support module: C:/Program Files/Unity/Hub/Editor/2020.2.0f1/Editor/Data/PlaybackEngines/WindowsStandaloneSupport/UnityEditor.WindowsStandalone.Extensions.dll
Registered in 0.001638 seconds.
Native extension for WindowsStandalone target not found
Refreshing native plugins compatible for Editor in 41.60 ms, found 1 plugins.
Preloading 0 native plugins for Editor in 0.00 ms.
Invoked RoslynAnalysisRunner static constructor.
RoslynAnalysisRunner will not be running.
RoslynAnalysisRunner has terminated.
Mono: successfully reloaded assembly
- Completed reload, in  1.004 seconds
Platform modules already initialized, skipping
Registering precompiled user dll's ...
Registered in 0.007506 seconds.
Begin MonoManager ReloadAssembly
Native extension for WindowsStandalone target not found
Refreshing native plugins compatible for Editor in 41.82 ms, found 1 plugins.
Preloading 0 native plugins for Editor in 0.00 ms.
Invoked RoslynAnalysisRunner static constructor.
RoslynAnalysisRunner will not be running.
RoslynAnalysisRunner has terminated.
Mono: successfully reloaded assembly
- Completed reload, in  1.592 seconds
Platform modules already initialized, skipping
========================================================================
Worker process is ready to serve import requests
Launched and connected shader compiler UnityShaderCompiler.exe after 0.04 seconds
Refreshing native plugins compatible for Editor in 0.51 ms, found 1 plugins.
Preloading 0 native plugins for Editor in 0.00 ms.
Unloading 2066 Unused Serialized files (Serialized files now loaded: 0)
System memory in use before: 105.1 MB.
System memory in use after: 105.2 MB.

Unloading 50 unused Assets to reduce memory usage. Loaded Objects now: 2492.
Total: 3.388200 ms (FindLiveObjects: 0.268500 ms CreateObjectMapping: 0.100400 ms MarkObjects: 2.936700 ms  DeleteObjects: 0.081300 ms)

========================================================================
Received Import Request.
  path: Assets/MarathonMan004Constrained 1.prefab
  artifactKey: Guid(af527eccc7ac73243bcf5c5c919ef97a) Importer(815301076,1909f56bfc062723c751e8b465ee728b)
Start importing Assets/MarathonMan004Constrained 1.prefab using Guid(af527eccc7ac73243bcf5c5c919ef97a) Importer(815301076,1909f56bfc062723c751e8b465ee728b)  -> (artifact id: '301520ec79c4a20fcfa7eefc5c72c304') in 0.564986 seconds
  Import took 0.568398 seconds .

========================================================================
Received Import Request.
  Time since last request: 10.355856 seconds.
  path: Assets/MarathonEnvs
  artifactKey: Guid(5654a4267b5834456b61b23c99467028) Importer(815301076,1909f56bfc062723c751e8b465ee728b)
Start importing Assets/MarathonEnvs using Guid(5654a4267b5834456b61b23c99467028) Importer(815301076,1909f56bfc062723c751e8b465ee728b)  -> (artifact id: 'c62cfe6c1a6673244f767aac53c98e45') in 0.007396 seconds
  Import took 0.010588 seconds .

========================================================================
Received Import Request.
  Time since last request: 1.484293 seconds.
  path: Assets/MarathonEnvs/ROM-extraction
  artifactKey: Guid(2473649c721f4094f910a9aeaef19ce9) Importer(815301076,1909f56bfc062723c751e8b465ee728b)
Start importing Assets/MarathonEnvs/ROM-extraction using Guid(2473649c721f4094f910a9aeaef19ce9) Importer(815301076,1909f56bfc062723c751e8b465ee728b)  -> (artifact id: '6bab72734fa08b0679df2efa38c7943b') in 0.010063 seconds
  Import took 0.013893 seconds .

========================================================================
Received Import Request.
  Time since last request: 4.183487 seconds.
  path: Assets/MarathonEnvs/ROM-extraction/2.ParseSwingTwist.unity
  artifactKey: Guid(2f56d8329a91fd54096bfa66309f3122) Importer(815301076,1909f56bfc062723c751e8b465ee728b)
Start importing Assets/MarathonEnvs/ROM-extraction/2.ParseSwingTwist.unity using Guid(2f56d8329a91fd54096bfa66309f3122) Importer(815301076,1909f56bfc062723c751e8b465ee728b)  -> (artifact id: '589dafb745a4e56dfef28c880018bb8d') in 0.009087 seconds
  Import took 0.013265 seconds .

========================================================================
Received Import Request.
  Time since last request: 8.174480 seconds.
  path: Assets/MarathonEnvs/ROM-extraction/1.SetConstraintsShoulder.unity
  artifactKey: Guid(b60416813fef3ef4facbb6e8b81e4a55) Importer(815301076,1909f56bfc062723c751e8b465ee728b)
Start importing Assets/MarathonEnvs/ROM-extraction/1.SetConstraintsShoulder.unity using Guid(b60416813fef3ef4facbb6e8b81e4a55) Importer(815301076,1909f56bfc062723c751e8b465ee728b)  -> (artifact id: '698f73f7a40ce0468c7f24dcd96945a0') in 0.010685 seconds
  Import took 0.014289 seconds .

========================================================================
Received Import Request.
  Time since last request: 4.362427 seconds.
  path: Assets/MarathonEnvs/ROM-extraction/3.ApplyConstraints2ArticulationBodies.unity
  artifactKey: Guid(ad4f731f1aa720345b73c4db7871669b) Importer(815301076,1909f56bfc062723c751e8b465ee728b)
Start importing Assets/MarathonEnvs/ROM-extraction/3.ApplyConstraints2ArticulationBodies.unity using Guid(ad4f731f1aa720345b73c4db7871669b) Importer(815301076,1909f56bfc062723c751e8b465ee728b)  -> (artifact id: '8d06eda4b45bc4f15f9088cc74eee00e') in 0.008215 seconds
  Import took 0.012563 seconds .

========================================================================
Received Import Request.
  Time since last request: 9.775361 seconds.
  path: Assets/MarathonEnvs/ROM-extraction/0.test-limits-articulation-body
  artifactKey: Guid(f4720784f500a834f82c265a2355c4b6) Importer(815301076,1909f56bfc062723c751e8b465ee728b)
Start importing Assets/MarathonEnvs/ROM-extraction/0.test-limits-articulation-body using Guid(f4720784f500a834f82c265a2355c4b6) Importer(815301076,1909f56bfc062723c751e8b465ee728b)  -> (artifact id: '151554857849b0c10806ca9ae89d3188') in 0.007132 seconds
  Import took 0.010419 seconds .

========================================================================
Received Import Request.
  Time since last request: 14.933732 seconds.
  path: Assets/MarathonEnvs/ROM-extraction/4.SceneWithArticulationBodiesConstrained.unity
  artifactKey: Guid(dbc60521a271c9947aa6e109063ee667) Importer(815301076,1909f56bfc062723c751e8b465ee728b)
Start importing Assets/MarathonEnvs/ROM-extraction/4.SceneWithArticulationBodiesConstrained.unity using Guid(dbc60521a271c9947aa6e109063ee667) Importer(815301076,1909f56bfc062723c751e8b465ee728b)  -> (artifact id: 'b4dd5bfe160dd9cd3ff228bd1fdbef2d') in 0.007560 seconds
  Import took 0.011008 seconds .

========================================================================
Received Prepare
Registering precompiled user dll's ...
Registered in 0.007990 seconds.
Begin MonoManager ReloadAssembly
Native extension for WindowsStandalone target not found
Refreshing native plugins compatible for Editor in 0.55 ms, found 1 plugins.
Preloading 0 native plugins for Editor in 0.00 ms.
Invoked RoslynAnalysisRunner static constructor.
RoslynAnalysisRunner will not be running.
RoslynAnalysisRunner has terminated.
Mono: successfully reloaded assembly
- Completed reload, in  1.097 seconds
Platform modules already initialized, skipping
Refreshing native plugins compatible for Editor in 0.61 ms, found 1 plugins.
Preloading 0 native plugins for Editor in 0.00 ms.
Unloading 2060 Unused Serialized files (Serialized files now loaded: 0)
System memory in use before: 108.6 MB.
System memory in use after: 108.8 MB.

Unloading 41 unused Assets to reduce memory usage. Loaded Objects now: 2502.
Total: 2.370700 ms (FindLiveObjects: 0.224000 ms CreateObjectMapping: 0.083200 ms MarkObjects: 2.039500 ms  DeleteObjects: 0.023000 ms)

========================================================================
Received Import Request.
  Time since last request: 24.029762 seconds.
  path: Assets/MarathonEnvs/ROM-extraction/Articulation_Spine2-ROOT-Constrained.prefab
  artifactKey: Guid(fc807170aca4bfa469848f6ef2798158) Importer(815301076,1909f56bfc062723c751e8b465ee728b)
Start importing Assets/MarathonEnvs/ROM-extraction/Articulation_Spine2-ROOT-Constrained.prefab using Guid(fc807170aca4bfa469848f6ef2798158) Importer(815301076,1909f56bfc062723c751e8b465ee728b)  -> (artifact id: 'e64546a8c78bf34b60609819736e0acb') in 0.153811 seconds
  Import took 0.156824 seconds .

========================================================================
Received Import Request.
  Time since last request: 18.171799 seconds.
  path: Assets/MarathonEnvs/ROM-extraction/5.ExtractROMInTrainingContext.unity
  artifactKey: Guid(282ba856d0e4dfe4ca170a2b58ccb22d) Importer(815301076,1909f56bfc062723c751e8b465ee728b)
Start importing Assets/MarathonEnvs/ROM-extraction/5.ExtractROMInTrainingContext.unity using Guid(282ba856d0e4dfe4ca170a2b58ccb22d) Importer(815301076,1909f56bfc062723c751e8b465ee728b)  -> (artifact id: '028113779a5d886f336a5999ed4731bb') in 0.008702 seconds
  Import took 0.012777 seconds .

========================================================================
Received Prepare
Registering precompiled user dll's ...
Registered in 0.009461 seconds.
Begin MonoManager ReloadAssembly
Native extension for WindowsStandalone target not found
Refreshing native plugins compatible for Editor in 1.84 ms, found 1 plugins.
Preloading 0 native plugins for Editor in 0.00 ms.
Invoked RoslynAnalysisRunner static constructor.
RoslynAnalysisRunner will not be running.
RoslynAnalysisRunner has terminated.
Mono: successfully reloaded assembly
- Completed reload, in  1.885 seconds
Platform modules already initialized, skipping
Refreshing native plugins compatible for Editor in 0.90 ms, found 1 plugins.
Preloading 0 native plugins for Editor in 0.00 ms.
Unloading 2060 Unused Serialized files (Serialized files now loaded: 0)
System memory in use before: 109.1 MB.
System memory in use after: 109.2 MB.

Unloading 41 unused Assets to reduce memory usage. Loaded Objects now: 2506.
Total: 2.966800 ms (FindLiveObjects: 0.360900 ms CreateObjectMapping: 0.152300 ms MarkObjects: 2.422700 ms  DeleteObjects: 0.029100 ms)

========================================================================
Received Prepare
Registering precompiled user dll's ...
Registered in 0.006868 seconds.
Begin MonoManager ReloadAssembly
Native extension for WindowsStandalone target not found
Refreshing native plugins compatible for Editor in 0.76 ms, found 1 plugins.
Preloading 0 native plugins for Editor in 0.00 ms.
Invoked RoslynAnalysisRunner static constructor.
RoslynAnalysisRunner will not be running.
RoslynAnalysisRunner has terminated.
Mono: successfully reloaded assembly
- Completed reload, in  1.636 seconds
Platform modules already initialized, skipping
Refreshing native plugins compatible for Editor in 1.15 ms, found 1 plugins.
Preloading 0 native plugins for Editor in 0.00 ms.
Unloading 2060 Unused Serialized files (Serialized files now loaded: 0)
System memory in use before: 109.2 MB.
System memory in use after: 109.3 MB.

Unloading 41 unused Assets to reduce memory usage. Loaded Objects now: 2508.
Total: 3.320400 ms (FindLiveObjects: 0.655500 ms CreateObjectMapping: 0.139700 ms MarkObjects: 2.496000 ms  DeleteObjects: 0.025900 ms)

========================================================================
Received Prepare
Registering precompiled user dll's ...
Registered in 0.006900 seconds.
Begin MonoManager ReloadAssembly
Native extension for WindowsStandalone target not found
Refreshing native plugins compatible for Editor in 1.77 ms, found 1 plugins.
Preloading 0 native plugins for Editor in 0.00 ms.
Invoked RoslynAnalysisRunner static constructor.
RoslynAnalysisRunner will not be running.
RoslynAnalysisRunner has terminated.
Mono: successfully reloaded assembly
- Completed reload, in  1.562 seconds
Platform modules already initialized, skipping
Refreshing native plugins compatible for Editor in 1.25 ms, found 1 plugins.
Preloading 0 native plugins for Editor in 0.00 ms.
Unloading 2060 Unused Serialized files (Serialized files now loaded: 0)
System memory in use before: 109.9 MB.
System memory in use after: 110.0 MB.

Unloading 41 unused Assets to reduce memory usage. Loaded Objects now: 2510.
Total: 2.578400 ms (FindLiveObjects: 0.294600 ms CreateObjectMapping: 0.110700 ms MarkObjects: 2.142200 ms  DeleteObjects: 0.029600 ms)

========================================================================
Received Prepare
Registering precompiled user dll's ...
Registered in 0.007872 seconds.
Begin MonoManager ReloadAssembly
Native extension for WindowsStandalone target not found
Refreshing native plugins compatible for Editor in 0.92 ms, found 1 plugins.
Preloading 0 native plugins for Editor in 0.00 ms.
Invoked RoslynAnalysisRunner static constructor.
RoslynAnalysisRunner will not be running.
RoslynAnalysisRunner has terminated.
Mono: successfully reloaded assembly
- Completed reload, in  1.497 seconds
Platform modules already initialized, skipping
Refreshing native plugins compatible for Editor in 0.63 ms, found 1 plugins.
Preloading 0 native plugins for Editor in 0.00 ms.
Unloading 2060 Unused Serialized files (Serialized files now loaded: 0)
System memory in use before: 110.2 MB.
System memory in use after: 110.3 MB.

Unloading 41 unused Assets to reduce memory usage. Loaded Objects now: 2512.
Total: 4.462500 ms (FindLiveObjects: 0.876200 ms CreateObjectMapping: 0.530300 ms MarkObjects: 3.022000 ms  DeleteObjects: 0.029200 ms)

========================================================================
Received Prepare
Registering precompiled user dll's ...
Registered in 0.006986 seconds.
Begin MonoManager ReloadAssembly
Native extension for WindowsStandalone target not found
Refreshing native plugins compatible for Editor in 0.56 ms, found 1 plugins.
Preloading 0 native plugins for Editor in 0.00 ms.
Invoked RoslynAnalysisRunner static constructor.
RoslynAnalysisRunner will not be running.
RoslynAnalysisRunner has terminated.
Mono: successfully reloaded assembly
- Completed reload, in  1.091 seconds
Platform modules already initialized, skipping
Refreshing native plugins compatible for Editor in 0.55 ms, found 1 plugins.
Preloading 0 native plugins for Editor in 0.00 ms.
Unloading 2060 Unused Serialized files (Serialized files now loaded: 0)
System memory in use before: 109.7 MB.
System memory in use after: 109.8 MB.

Unloading 41 unused Assets to reduce memory usage. Loaded Objects now: 2514.
Total: 4.132400 ms (FindLiveObjects: 0.355600 ms CreateObjectMapping: 0.188800 ms MarkObjects: 3.538400 ms  DeleteObjects: 0.047800 ms)

========================================================================
Received Prepare
Registering precompiled user dll's ...
Registered in 0.007297 seconds.
Begin MonoManager ReloadAssembly
Native extension for WindowsStandalone target not found
Refreshing native plugins compatible for Editor in 0.54 ms, found 1 plugins.
Preloading 0 native plugins for Editor in 0.00 ms.
Invoked RoslynAnalysisRunner static constructor.
RoslynAnalysisRunner will not be running.
RoslynAnalysisRunner has terminated.
Mono: successfully reloaded assembly
- Completed reload, in  1.058 seconds
Platform modules already initialized, skipping
Refreshing native plugins compatible for Editor in 0.58 ms, found 1 plugins.
Preloading 0 native plugins for Editor in 0.00 ms.
Unloading 2060 Unused Serialized files (Serialized files now loaded: 0)
System memory in use before: 110.1 MB.
System memory in use after: 110.2 MB.

Unloading 41 unused Assets to reduce memory usage. Loaded Objects now: 2516.
Total: 4.597300 ms (FindLiveObjects: 0.400700 ms CreateObjectMapping: 0.199500 ms MarkObjects: 3.951700 ms  DeleteObjects: 0.043100 ms)

========================================================================
Received Prepare
Registering precompiled user dll's ...
Registered in 0.012131 seconds.
Begin MonoManager ReloadAssembly
Native extension for WindowsStandalone target not found
Refreshing native plugins compatible for Editor in 0.54 ms, found 1 plugins.
Preloading 0 native plugins for Editor in 0.00 ms.
Invoked RoslynAnalysisRunner static constructor.
RoslynAnalysisRunner will not be running.
RoslynAnalysisRunner has terminated.
Mono: successfully reloaded assembly
- Completed reload, in  1.118 seconds
Platform modules already initialized, skipping
Refreshing native plugins compatible for Editor in 0.58 ms, found 1 plugins.
Preloading 0 native plugins for Editor in 0.00 ms.
Unloading 2060 Unused Serialized files (Serialized files now loaded: 0)
System memory in use before: 110.2 MB.
System memory in use after: 110.4 MB.

Unloading 41 unused Assets to reduce memory usage. Loaded Objects now: 2518.
Total: 2.718200 ms (FindLiveObjects: 0.217500 ms CreateObjectMapping: 0.069900 ms MarkObjects: 2.405200 ms  DeleteObjects: 0.024800 ms)

========================================================================
Received Prepare
Registering precompiled user dll's ...
Registered in 0.007011 seconds.
Begin MonoManager ReloadAssembly
Native extension for WindowsStandalone target not found
Refreshing native plugins compatible for Editor in 0.59 ms, found 1 plugins.
Preloading 0 native plugins for Editor in 0.00 ms.
Invoked RoslynAnalysisRunner static constructor.
RoslynAnalysisRunner will not be running.
RoslynAnalysisRunner has terminated.
Mono: successfully reloaded assembly
- Completed reload, in  3.695 seconds
Platform modules already initialized, skipping
Refreshing native plugins compatible for Editor in 0.55 ms, found 1 plugins.
Preloading 0 native plugins for Editor in 0.00 ms.
Unloading 2060 Unused Serialized files (Serialized files now loaded: 0)
System memory in use before: 109.9 MB.
System memory in use after: 110.0 MB.

Unloading 41 unused Assets to reduce memory usage. Loaded Objects now: 2520.
Total: 2.614400 ms (FindLiveObjects: 0.218400 ms CreateObjectMapping: 0.079700 ms MarkObjects: 2.287500 ms  DeleteObjects: 0.027500 ms)

========================================================================
Received Prepare
Registering precompiled user dll's ...
Registered in 0.007381 seconds.
Begin MonoManager ReloadAssembly
Native extension for WindowsStandalone target not found
Refreshing native plugins compatible for Editor in 0.66 ms, found 1 plugins.
Preloading 0 native plugins for Editor in 0.00 ms.
Invoked RoslynAnalysisRunner static constructor.
RoslynAnalysisRunner will not be running.
RoslynAnalysisRunner has terminated.
Mono: successfully reloaded assembly
- Completed reload, in  4.310 seconds
Platform modules already initialized, skipping
Refreshing native plugins compatible for Editor in 0.61 ms, found 1 plugins.
Preloading 0 native plugins for Editor in 0.00 ms.
Unloading 2060 Unused Serialized files (Serialized files now loaded: 0)
System memory in use before: 110.3 MB.
System memory in use after: 110.4 MB.

Unloading 41 unused Assets to reduce memory usage. Loaded Objects now: 2522.
Total: 2.302400 ms (FindLiveObjects: 0.277800 ms CreateObjectMapping: 0.100300 ms MarkObjects: 1.894300 ms  DeleteObjects: 0.028900 ms)

========================================================================
Received Import Request.
  Time since last request: 11611.245095 seconds.
  path: Assets/MarathonEnvs/Agents
  artifactKey: Guid(30a7a9100ac734595af333730ac467b1) Importer(815301076,1909f56bfc062723c751e8b465ee728b)
Start importing Assets/MarathonEnvs/Agents using Guid(30a7a9100ac734595af333730ac467b1) Importer(815301076,1909f56bfc062723c751e8b465ee728b)  -> (artifact id: '7b5737843cdf0241758c10d8f5ca66cf') in 0.022028 seconds
  Import took 0.027256 seconds .

========================================================================
Received Import Request.
  Time since last request: 1.218105 seconds.
  path: Assets/MarathonEnvs/Agents/Characters
  artifactKey: Guid(a30e564ddb8e748e5baca2ee4182f300) Importer(815301076,1909f56bfc062723c751e8b465ee728b)
Start importing Assets/MarathonEnvs/Agents/Characters using Guid(a30e564ddb8e748e5baca2ee4182f300) Importer(815301076,1909f56bfc062723c751e8b465ee728b)  -> (artifact id: '3a20b9ef033393752ae060d74af6ab39') in 0.010967 seconds
  Import took 0.015218 seconds .

========================================================================
Received Import Request.
  Time since last request: 1.924920 seconds.
  path: Assets/MarathonEnvs/Agents/Characters/MarathonMan004
  artifactKey: Guid(a771289dec6735a4fbf565db880e805e) Importer(815301076,1909f56bfc062723c751e8b465ee728b)
Start importing Assets/MarathonEnvs/Agents/Characters/MarathonMan004 using Guid(a771289dec6735a4fbf565db880e805e) Importer(815301076,1909f56bfc062723c751e8b465ee728b)  -> (artifact id: '39f52e1b6b761746dd8158af39551e65') in 0.015305 seconds
  Import took 0.022629 seconds .

========================================================================
Received Import Request.
  Time since last request: 9.395139 seconds.
  path: Assets/MarathonEnvs/Agents/Characters/MarathonMan004/MarathonMan004.prefab
  artifactKey: Guid(6a7e84e6b4b64c744857753e3e544b81) Importer(815301076,1909f56bfc062723c751e8b465ee728b)
Start importing Assets/MarathonEnvs/Agents/Characters/MarathonMan004/MarathonMan004.prefab using Guid(6a7e84e6b4b64c744857753e3e544b81) Importer(815301076,1909f56bfc062723c751e8b465ee728b)  -> (artifact id: '891263f3de1469cacd81e0a05d947c27') in 0.354110 seconds
  Import took 0.358738 seconds .

========================================================================
Received Import Request.
  Time since last request: 0.008459 seconds.
  path: Assets/MarathonEnvs/Agents/Characters/MarathonMan004/MarathonMan004.prefab
  artifactKey: Guid(6a7e84e6b4b64c744857753e3e544b81) Importer(815301076,1909f56bfc062723c751e8b465ee728b)
Start importing Assets/MarathonEnvs/Agents/Characters/MarathonMan004/MarathonMan004.prefab using Guid(6a7e84e6b4b64c744857753e3e544b81) Importer(815301076,1909f56bfc062723c751e8b465ee728b)  -> (artifact id: '891263f3de1469cacd81e0a05d947c27') in 0.045498 seconds
  Import took 0.052024 seconds .

========================================================================
Received Import Request.
  Time since last request: 48.900333 seconds.
  path: Assets/MarathonEnvs/Envionments
  artifactKey: Guid(ebb2c08fb77c64085a055199fab1318f) Importer(815301076,1909f56bfc062723c751e8b465ee728b)
Start importing Assets/MarathonEnvs/Envionments using Guid(ebb2c08fb77c64085a055199fab1318f) Importer(815301076,1909f56bfc062723c751e8b465ee728b)  -> (artifact id: '79bfa0ea1c7367c03c1d3ccb92dbef50') in 0.010277 seconds
  Import took 0.014345 seconds .

========================================================================
Received Import Request.
  Time since last request: 2.972331 seconds.
  path: Assets/MarathonEnvs/Envionments/ControllerMarathonManEnv-v1-constrained.prefab
  artifactKey: Guid(955461e0f90d4654ebce57e56fb26f44) Importer(815301076,1909f56bfc062723c751e8b465ee728b)
Start importing Assets/MarathonEnvs/Envionments/ControllerMarathonManEnv-v1-constrained.prefab using Guid(955461e0f90d4654ebce57e56fb26f44) Importer(815301076,1909f56bfc062723c751e8b465ee728b)  -> (artifact id: '0e3cd2bfc8446d441a36afd56eb31c58') in 0.497195 seconds
  Import took 0.504558 seconds .

========================================================================
Received Import Request.
  Time since last request: 1644.456865 seconds.
  path: Assets/MarathonEnvs/Envionments/ControllerMarathonManEnv-v1.prefab
  artifactKey: Guid(039f5bf4e1cc0214ea4f370014f59897) Importer(815301076,1909f56bfc062723c751e8b465ee728b)
Start importing Assets/MarathonEnvs/Envionments/ControllerMarathonManEnv-v1.prefab using Guid(039f5bf4e1cc0214ea4f370014f59897) Importer(815301076,1909f56bfc062723c751e8b465ee728b)  -> (artifact id: 'e2021a2817364f35062e1df68d2d4873') in 0.078659 seconds
  Import took 0.084018 seconds .

========================================================================
Received Import Request.
  Time since last request: 141.055824 seconds.
  path: Assets/MarathonEnvs/Agents/Characters/MarathonMan004/MarathonMan004 1.prefab
  artifactKey: Guid(d8c2eafce8a530c45b2627d80fb187cb) Importer(815301076,1909f56bfc062723c751e8b465ee728b)
Start importing Assets/MarathonEnvs/Agents/Characters/MarathonMan004/MarathonMan004 1.prefab using Guid(d8c2eafce8a530c45b2627d80fb187cb) Importer(815301076,1909f56bfc062723c751e8b465ee728b)  -> (artifact id: '4381601cd328947344df5d002a1025e1') in 0.031365 seconds
  Import took 0.035275 seconds .

========================================================================
Received Import Request.
  Time since last request: 10.305003 seconds.
  path: Assets/MarathonEnvs/Agents/Characters/MarathonMan004/MarathonMan004NoRotations.prefab
  artifactKey: Guid(d8c2eafce8a530c45b2627d80fb187cb) Importer(815301076,1909f56bfc062723c751e8b465ee728b)
Start importing Assets/MarathonEnvs/Agents/Characters/MarathonMan004/MarathonMan004NoRotations.prefab using Guid(d8c2eafce8a530c45b2627d80fb187cb) Importer(815301076,1909f56bfc062723c751e8b465ee728b)  -> (artifact id: 'fe828c5a8e14d7a1cd11144e1b90fa4a') in 0.036248 seconds
  Import took 0.041623 seconds .

